#-----------------------------------------------------------
# Vivado v2018.3 (64-bit)
# SW Build 2405991 on Thu Dec  6 23:38:27 MST 2018
# IP Build 2404404 on Fri Dec  7 01:43:56 MST 2018
# Start of session at: Fri Mar 27 06:03:00 2020
# Process ID: 12888
# Current directory: U:/Desktop/ECE437SP20200/lab8
# Command line: vivado.exe -gui_launcher_event rodinguilauncherevent13656 U:\Desktop\ECE437SP20200\lab8\lab8.xpr
# Log file: U:/Desktop/ECE437SP20200/lab8/vivado.log
# Journal file: U:/Desktop/ECE437SP20200/lab8\vivado.jou
#-----------------------------------------------------------
start_gui
open_project U:/Desktop/ECE437SP20200/lab8/lab8.xpr
INFO: [Project 1-313] Project file moved from 'C:/temp/lab8' since last save.
Scanning sources...
Finished scanning sources
INFO: [IP_Flow 19-234] Refreshing IP repositories
INFO: [IP_Flow 19-1704] No user IP repositories specified
INFO: [IP_Flow 19-2313] Loaded Vivado IP repository 'C:/Xilinx/Vivado/2018.3/data/ip'.
open_project: Time (s): cpu = 00:00:21 ; elapsed = 00:00:15 . Memory (MB): peak = 952.047 ; gain = 365.934
update_compile_order -fileset sources_1
reset_run synth_1
launch_runs impl_1 -to_step write_bitstream -jobs 4
[Fri Mar 27 06:10:05 2020] Launched synth_1...
Run output will be captured here: U:/Desktop/ECE437SP20200/lab8/lab8.runs/synth_1/runme.log
[Fri Mar 27 06:10:05 2020] Launched impl_1...
Run output will be captured here: U:/Desktop/ECE437SP20200/lab8/lab8.runs/impl_1/runme.log
reset_run synth_1
launch_runs impl_1 -to_step write_bitstream -jobs 4
ERROR: [Runs 36-335] 'U:/Desktop/ECE437SP20200/lab8/lab8.runs/synth_1/BTPipeExample.dcp' is not a valid design checkpoint
reset_run synth_1
launch_runs impl_1 -to_step write_bitstream -jobs 4
[Fri Mar 27 06:24:42 2020] Launched synth_1...
Run output will be captured here: U:/Desktop/ECE437SP20200/lab8/lab8.runs/synth_1/runme.log
[Fri Mar 27 06:24:42 2020] Launched impl_1...
Run output will be captured here: U:/Desktop/ECE437SP20200/lab8/lab8.runs/impl_1/runme.log
