
*** Running vivado
    with args -log intro.vdi -applog -m64 -product Vivado -messageDb vivado.pb -mode batch -source intro.tcl -notrace


****** Vivado v2018.3 (64-bit)
  **** SW Build 2405991 on Thu Dec  6 23:38:27 MST 2018
  **** IP Build 2404404 on Fri Dec  7 01:43:56 MST 2018
    ** Copyright 1986-2018 Xilinx, Inc. All Rights Reserved.

source intro.tcl -notrace
Command: link_design -top intro -part xc7a75tfgg484-1
Design is defaulting to srcset: sources_1
Design is defaulting to constrset: constrs_1
INFO: [Netlist 29-17] Analyzing 9 Unisim elements for replacement
INFO: [Netlist 29-28] Unisim Transformation completed in 0 CPU seconds
INFO: [Project 1-479] Netlist was created with Vivado 2018.3
INFO: [Device 21-403] Loading part xc7a75tfgg484-1
INFO: [Project 1-570] Preparing netlist for logic optimization
Parsing XDC File [U:/Desktop/ECE 437/xem7310_v1.xdc]
WARNING: [Vivado 12-584] No ports matched 'okHU[0]'. [U:/Desktop/ECE 437/xem7310_v1.xdc:18]
CRITICAL WARNING: [Common 17-55] 'set_property' expects at least one object. [U:/Desktop/ECE 437/xem7310_v1.xdc:18]
Resolution: If [get_<value>] was used to populate the object, check to make sure this command returns at least one valid object.
WARNING: [Vivado 12-584] No ports matched 'okHU[1]'. [U:/Desktop/ECE 437/xem7310_v1.xdc:19]
CRITICAL WARNING: [Common 17-55] 'set_property' expects at least one object. [U:/Desktop/ECE 437/xem7310_v1.xdc:19]
Resolution: If [get_<value>] was used to populate the object, check to make sure this command returns at least one valid object.
WARNING: [Vivado 12-584] No ports matched 'okHU[2]'. [U:/Desktop/ECE 437/xem7310_v1.xdc:20]
CRITICAL WARNING: [Common 17-55] 'set_property' expects at least one object. [U:/Desktop/ECE 437/xem7310_v1.xdc:20]
Resolution: If [get_<value>] was used to populate the object, check to make sure this command returns at least one valid object.
WARNING: [Vivado 12-584] No ports matched 'okHU[*]'. [U:/Desktop/ECE 437/xem7310_v1.xdc:21]
CRITICAL WARNING: [Common 17-55] 'set_property' expects at least one object. [U:/Desktop/ECE 437/xem7310_v1.xdc:21]
Resolution: If [get_<value>] was used to populate the object, check to make sure this command returns at least one valid object.
WARNING: [Vivado 12-584] No ports matched 'okHU[*]'. [U:/Desktop/ECE 437/xem7310_v1.xdc:22]
CRITICAL WARNING: [Common 17-55] 'set_property' expects at least one object. [U:/Desktop/ECE 437/xem7310_v1.xdc:22]
Resolution: If [get_<value>] was used to populate the object, check to make sure this command returns at least one valid object.
WARNING: [Vivado 12-584] No ports matched 'okUH[0]'. [U:/Desktop/ECE 437/xem7310_v1.xdc:24]
CRITICAL WARNING: [Common 17-55] 'set_property' expects at least one object. [U:/Desktop/ECE 437/xem7310_v1.xdc:24]
Resolution: If [get_<value>] was used to populate the object, check to make sure this command returns at least one valid object.
WARNING: [Vivado 12-584] No ports matched 'okUH[1]'. [U:/Desktop/ECE 437/xem7310_v1.xdc:25]
CRITICAL WARNING: [Common 17-55] 'set_property' expects at least one object. [U:/Desktop/ECE 437/xem7310_v1.xdc:25]
Resolution: If [get_<value>] was used to populate the object, check to make sure this command returns at least one valid object.
WARNING: [Vivado 12-584] No ports matched 'okUH[2]'. [U:/Desktop/ECE 437/xem7310_v1.xdc:26]
CRITICAL WARNING: [Common 17-55] 'set_property' expects at least one object. [U:/Desktop/ECE 437/xem7310_v1.xdc:26]
Resolution: If [get_<value>] was used to populate the object, check to make sure this command returns at least one valid object.
WARNING: [Vivado 12-584] No ports matched 'okUH[3]'. [U:/Desktop/ECE 437/xem7310_v1.xdc:27]
CRITICAL WARNING: [Common 17-55] 'set_property' expects at least one object. [U:/Desktop/ECE 437/xem7310_v1.xdc:27]
Resolution: If [get_<value>] was used to populate the object, check to make sure this command returns at least one valid object.
WARNING: [Vivado 12-584] No ports matched 'okUH[4]'. [U:/Desktop/ECE 437/xem7310_v1.xdc:28]
CRITICAL WARNING: [Common 17-55] 'set_property' expects at least one object. [U:/Desktop/ECE 437/xem7310_v1.xdc:28]
Resolution: If [get_<value>] was used to populate the object, check to make sure this command returns at least one valid object.
WARNING: [Vivado 12-584] No ports matched 'okUH[*]'. [U:/Desktop/ECE 437/xem7310_v1.xdc:29]
CRITICAL WARNING: [Common 17-55] 'set_property' expects at least one object. [U:/Desktop/ECE 437/xem7310_v1.xdc:29]
Resolution: If [get_<value>] was used to populate the object, check to make sure this command returns at least one valid object.
WARNING: [Vivado 12-584] No ports matched 'okUHU[0]'. [U:/Desktop/ECE 437/xem7310_v1.xdc:31]
CRITICAL WARNING: [Common 17-55] 'set_property' expects at least one object. [U:/Desktop/ECE 437/xem7310_v1.xdc:31]
Resolution: If [get_<value>] was used to populate the object, check to make sure this command returns at least one valid object.
WARNING: [Vivado 12-584] No ports matched 'okUHU[1]'. [U:/Desktop/ECE 437/xem7310_v1.xdc:32]
CRITICAL WARNING: [Common 17-55] 'set_property' expects at least one object. [U:/Desktop/ECE 437/xem7310_v1.xdc:32]
Resolution: If [get_<value>] was used to populate the object, check to make sure this command returns at least one valid object.
WARNING: [Vivado 12-584] No ports matched 'okUHU[2]'. [U:/Desktop/ECE 437/xem7310_v1.xdc:33]
CRITICAL WARNING: [Common 17-55] 'set_property' expects at least one object. [U:/Desktop/ECE 437/xem7310_v1.xdc:33]
Resolution: If [get_<value>] was used to populate the object, check to make sure this command returns at least one valid object.
WARNING: [Vivado 12-584] No ports matched 'okUHU[3]'. [U:/Desktop/ECE 437/xem7310_v1.xdc:34]
CRITICAL WARNING: [Common 17-55] 'set_property' expects at least one object. [U:/Desktop/ECE 437/xem7310_v1.xdc:34]
Resolution: If [get_<value>] was used to populate the object, check to make sure this command returns at least one valid object.
WARNING: [Vivado 12-584] No ports matched 'okUHU[4]'. [U:/Desktop/ECE 437/xem7310_v1.xdc:35]
CRITICAL WARNING: [Common 17-55] 'set_property' expects at least one object. [U:/Desktop/ECE 437/xem7310_v1.xdc:35]
Resolution: If [get_<value>] was used to populate the object, check to make sure this command returns at least one valid object.
WARNING: [Vivado 12-584] No ports matched 'okUHU[5]'. [U:/Desktop/ECE 437/xem7310_v1.xdc:36]
CRITICAL WARNING: [Common 17-55] 'set_property' expects at least one object. [U:/Desktop/ECE 437/xem7310_v1.xdc:36]
Resolution: If [get_<value>] was used to populate the object, check to make sure this command returns at least one valid object.
WARNING: [Vivado 12-584] No ports matched 'okUHU[6]'. [U:/Desktop/ECE 437/xem7310_v1.xdc:37]
CRITICAL WARNING: [Common 17-55] 'set_property' expects at least one object. [U:/Desktop/ECE 437/xem7310_v1.xdc:37]
Resolution: If [get_<value>] was used to populate the object, check to make sure this command returns at least one valid object.
WARNING: [Vivado 12-584] No ports matched 'okUHU[7]'. [U:/Desktop/ECE 437/xem7310_v1.xdc:38]
CRITICAL WARNING: [Common 17-55] 'set_property' expects at least one object. [U:/Desktop/ECE 437/xem7310_v1.xdc:38]
Resolution: If [get_<value>] was used to populate the object, check to make sure this command returns at least one valid object.
WARNING: [Vivado 12-584] No ports matched 'okUHU[8]'. [U:/Desktop/ECE 437/xem7310_v1.xdc:39]
CRITICAL WARNING: [Common 17-55] 'set_property' expects at least one object. [U:/Desktop/ECE 437/xem7310_v1.xdc:39]
Resolution: If [get_<value>] was used to populate the object, check to make sure this command returns at least one valid object.
WARNING: [Vivado 12-584] No ports matched 'okUHU[9]'. [U:/Desktop/ECE 437/xem7310_v1.xdc:40]
CRITICAL WARNING: [Common 17-55] 'set_property' expects at least one object. [U:/Desktop/ECE 437/xem7310_v1.xdc:40]
Resolution: If [get_<value>] was used to populate the object, check to make sure this command returns at least one valid object.
WARNING: [Vivado 12-584] No ports matched 'okUHU[10]'. [U:/Desktop/ECE 437/xem7310_v1.xdc:41]
CRITICAL WARNING: [Common 17-55] 'set_property' expects at least one object. [U:/Desktop/ECE 437/xem7310_v1.xdc:41]
Resolution: If [get_<value>] was used to populate the object, check to make sure this command returns at least one valid object.
WARNING: [Vivado 12-584] No ports matched 'okUHU[11]'. [U:/Desktop/ECE 437/xem7310_v1.xdc:42]
CRITICAL WARNING: [Common 17-55] 'set_property' expects at least one object. [U:/Desktop/ECE 437/xem7310_v1.xdc:42]
Resolution: If [get_<value>] was used to populate the object, check to make sure this command returns at least one valid object.
WARNING: [Vivado 12-584] No ports matched 'okUHU[12]'. [U:/Desktop/ECE 437/xem7310_v1.xdc:43]
CRITICAL WARNING: [Common 17-55] 'set_property' expects at least one object. [U:/Desktop/ECE 437/xem7310_v1.xdc:43]
Resolution: If [get_<value>] was used to populate the object, check to make sure this command returns at least one valid object.
WARNING: [Vivado 12-584] No ports matched 'okUHU[13]'. [U:/Desktop/ECE 437/xem7310_v1.xdc:44]
CRITICAL WARNING: [Common 17-55] 'set_property' expects at least one object. [U:/Desktop/ECE 437/xem7310_v1.xdc:44]
Resolution: If [get_<value>] was used to populate the object, check to make sure this command returns at least one valid object.
WARNING: [Vivado 12-584] No ports matched 'okUHU[14]'. [U:/Desktop/ECE 437/xem7310_v1.xdc:45]
CRITICAL WARNING: [Common 17-55] 'set_property' expects at least one object. [U:/Desktop/ECE 437/xem7310_v1.xdc:45]
Resolution: If [get_<value>] was used to populate the object, check to make sure this command returns at least one valid object.
WARNING: [Vivado 12-584] No ports matched 'okUHU[15]'. [U:/Desktop/ECE 437/xem7310_v1.xdc:46]
CRITICAL WARNING: [Common 17-55] 'set_property' expects at least one object. [U:/Desktop/ECE 437/xem7310_v1.xdc:46]
Resolution: If [get_<value>] was used to populate the object, check to make sure this command returns at least one valid object.
WARNING: [Vivado 12-584] No ports matched 'okUHU[16]'. [U:/Desktop/ECE 437/xem7310_v1.xdc:47]
CRITICAL WARNING: [Common 17-55] 'set_property' expects at least one object. [U:/Desktop/ECE 437/xem7310_v1.xdc:47]
Resolution: If [get_<value>] was used to populate the object, check to make sure this command returns at least one valid object.
WARNING: [Vivado 12-584] No ports matched 'okUHU[17]'. [U:/Desktop/ECE 437/xem7310_v1.xdc:48]
CRITICAL WARNING: [Common 17-55] 'set_property' expects at least one object. [U:/Desktop/ECE 437/xem7310_v1.xdc:48]
Resolution: If [get_<value>] was used to populate the object, check to make sure this command returns at least one valid object.
WARNING: [Vivado 12-584] No ports matched 'okUHU[18]'. [U:/Desktop/ECE 437/xem7310_v1.xdc:49]
CRITICAL WARNING: [Common 17-55] 'set_property' expects at least one object. [U:/Desktop/ECE 437/xem7310_v1.xdc:49]
Resolution: If [get_<value>] was used to populate the object, check to make sure this command returns at least one valid object.
WARNING: [Vivado 12-584] No ports matched 'okUHU[19]'. [U:/Desktop/ECE 437/xem7310_v1.xdc:50]
CRITICAL WARNING: [Common 17-55] 'set_property' expects at least one object. [U:/Desktop/ECE 437/xem7310_v1.xdc:50]
Resolution: If [get_<value>] was used to populate the object, check to make sure this command returns at least one valid object.
WARNING: [Vivado 12-584] No ports matched 'okUHU[20]'. [U:/Desktop/ECE 437/xem7310_v1.xdc:51]
CRITICAL WARNING: [Common 17-55] 'set_property' expects at least one object. [U:/Desktop/ECE 437/xem7310_v1.xdc:51]
Resolution: If [get_<value>] was used to populate the object, check to make sure this command returns at least one valid object.
WARNING: [Vivado 12-584] No ports matched 'okUHU[21]'. [U:/Desktop/ECE 437/xem7310_v1.xdc:52]
CRITICAL WARNING: [Common 17-55] 'set_property' expects at least one object. [U:/Desktop/ECE 437/xem7310_v1.xdc:52]
Resolution: If [get_<value>] was used to populate the object, check to make sure this command returns at least one valid object.
WARNING: [Vivado 12-584] No ports matched 'okUHU[22]'. [U:/Desktop/ECE 437/xem7310_v1.xdc:53]
CRITICAL WARNING: [Common 17-55] 'set_property' expects at least one object. [U:/Desktop/ECE 437/xem7310_v1.xdc:53]
Resolution: If [get_<value>] was used to populate the object, check to make sure this command returns at least one valid object.
WARNING: [Vivado 12-584] No ports matched 'okUHU[23]'. [U:/Desktop/ECE 437/xem7310_v1.xdc:54]
CRITICAL WARNING: [Common 17-55] 'set_property' expects at least one object. [U:/Desktop/ECE 437/xem7310_v1.xdc:54]
Resolution: If [get_<value>] was used to populate the object, check to make sure this command returns at least one valid object.
WARNING: [Vivado 12-584] No ports matched 'okUHU[24]'. [U:/Desktop/ECE 437/xem7310_v1.xdc:55]
CRITICAL WARNING: [Common 17-55] 'set_property' expects at least one object. [U:/Desktop/ECE 437/xem7310_v1.xdc:55]
Resolution: If [get_<value>] was used to populate the object, check to make sure this command returns at least one valid object.
WARNING: [Vivado 12-584] No ports matched 'okUHU[25]'. [U:/Desktop/ECE 437/xem7310_v1.xdc:56]
CRITICAL WARNING: [Common 17-55] 'set_property' expects at least one object. [U:/Desktop/ECE 437/xem7310_v1.xdc:56]
Resolution: If [get_<value>] was used to populate the object, check to make sure this command returns at least one valid object.
WARNING: [Vivado 12-584] No ports matched 'okUHU[26]'. [U:/Desktop/ECE 437/xem7310_v1.xdc:57]
CRITICAL WARNING: [Common 17-55] 'set_property' expects at least one object. [U:/Desktop/ECE 437/xem7310_v1.xdc:57]
Resolution: If [get_<value>] was used to populate the object, check to make sure this command returns at least one valid object.
WARNING: [Vivado 12-584] No ports matched 'okUHU[27]'. [U:/Desktop/ECE 437/xem7310_v1.xdc:58]
CRITICAL WARNING: [Common 17-55] 'set_property' expects at least one object. [U:/Desktop/ECE 437/xem7310_v1.xdc:58]
Resolution: If [get_<value>] was used to populate the object, check to make sure this command returns at least one valid object.
WARNING: [Vivado 12-584] No ports matched 'okUHU[28]'. [U:/Desktop/ECE 437/xem7310_v1.xdc:59]
CRITICAL WARNING: [Common 17-55] 'set_property' expects at least one object. [U:/Desktop/ECE 437/xem7310_v1.xdc:59]
Resolution: If [get_<value>] was used to populate the object, check to make sure this command returns at least one valid object.
WARNING: [Vivado 12-584] No ports matched 'okUHU[29]'. [U:/Desktop/ECE 437/xem7310_v1.xdc:60]
CRITICAL WARNING: [Common 17-55] 'set_property' expects at least one object. [U:/Desktop/ECE 437/xem7310_v1.xdc:60]
Resolution: If [get_<value>] was used to populate the object, check to make sure this command returns at least one valid object.
WARNING: [Vivado 12-584] No ports matched 'okUHU[30]'. [U:/Desktop/ECE 437/xem7310_v1.xdc:61]
CRITICAL WARNING: [Common 17-55] 'set_property' expects at least one object. [U:/Desktop/ECE 437/xem7310_v1.xdc:61]
Resolution: If [get_<value>] was used to populate the object, check to make sure this command returns at least one valid object.
WARNING: [Vivado 12-584] No ports matched 'okUHU[31]'. [U:/Desktop/ECE 437/xem7310_v1.xdc:62]
CRITICAL WARNING: [Common 17-55] 'set_property' expects at least one object. [U:/Desktop/ECE 437/xem7310_v1.xdc:62]
Resolution: If [get_<value>] was used to populate the object, check to make sure this command returns at least one valid object.
WARNING: [Vivado 12-584] No ports matched 'okUHU[*]'. [U:/Desktop/ECE 437/xem7310_v1.xdc:63]
CRITICAL WARNING: [Common 17-55] 'set_property' expects at least one object. [U:/Desktop/ECE 437/xem7310_v1.xdc:63]
Resolution: If [get_<value>] was used to populate the object, check to make sure this command returns at least one valid object.
WARNING: [Vivado 12-584] No ports matched 'okUHU[*]'. [U:/Desktop/ECE 437/xem7310_v1.xdc:64]
CRITICAL WARNING: [Common 17-55] 'set_property' expects at least one object. [U:/Desktop/ECE 437/xem7310_v1.xdc:64]
Resolution: If [get_<value>] was used to populate the object, check to make sure this command returns at least one valid object.
WARNING: [Vivado 12-584] No ports matched 'okAA'. [U:/Desktop/ECE 437/xem7310_v1.xdc:66]
CRITICAL WARNING: [Common 17-55] 'set_property' expects at least one object. [U:/Desktop/ECE 437/xem7310_v1.xdc:66]
Resolution: If [get_<value>] was used to populate the object, check to make sure this command returns at least one valid object.
WARNING: [Vivado 12-584] No ports matched 'okAA'. [U:/Desktop/ECE 437/xem7310_v1.xdc:67]
CRITICAL WARNING: [Common 17-55] 'set_property' expects at least one object. [U:/Desktop/ECE 437/xem7310_v1.xdc:67]
Resolution: If [get_<value>] was used to populate the object, check to make sure this command returns at least one valid object.
WARNING: [Vivado 12-584] No ports matched 'okUH[0]'. [U:/Desktop/ECE 437/xem7310_v1.xdc:70]
CRITICAL WARNING: [Vivado 12-4739] create_clock:No valid object(s) found for '-objects [get_ports {okUH[0]}]'. [U:/Desktop/ECE 437/xem7310_v1.xdc:70]
Resolution: Check if the specified object(s) exists in the current design. If it does, ensure that the correct design hierarchy was specified for the object. If you are working with clocks, make sure create_clock was used to create the clock object before it is referenced.
INFO: [Timing 38-35] Done setting XDC timing constraints. [U:/Desktop/ECE 437/xem7310_v1.xdc:72]
WARNING: [Vivado 12-627] No clocks matched 'okUH0'. [U:/Desktop/ECE 437/xem7310_v1.xdc:72]
INFO: [Vivado 12-626] No clocks found. Please use 'create_clock' or 'create_generated_clock' command to create clocks. [U:/Desktop/ECE 437/xem7310_v1.xdc:72]
get_clocks: Time (s): cpu = 00:00:09 ; elapsed = 00:00:10 . Memory (MB): peak = 1193.180 ; gain = 547.926
WARNING: [Vivado 12-584] No ports matched 'okUH[*]'. [U:/Desktop/ECE 437/xem7310_v1.xdc:72]
CRITICAL WARNING: [Vivado 12-4739] set_input_delay:No valid object(s) found for '-objects [get_ports {okUH[*]}]'. [U:/Desktop/ECE 437/xem7310_v1.xdc:72]
Resolution: Check if the specified object(s) exists in the current design. If it does, ensure that the correct design hierarchy was specified for the object. If you are working with clocks, make sure create_clock was used to create the clock object before it is referenced.
WARNING: [Vivado 12-627] No clocks matched 'okUH0'. [U:/Desktop/ECE 437/xem7310_v1.xdc:73]
INFO: [Vivado 12-626] No clocks found. Please use 'create_clock' or 'create_generated_clock' command to create clocks. [U:/Desktop/ECE 437/xem7310_v1.xdc:73]
WARNING: [Vivado 12-584] No ports matched 'okUH[*]'. [U:/Desktop/ECE 437/xem7310_v1.xdc:73]
CRITICAL WARNING: [Vivado 12-4739] set_input_delay:No valid object(s) found for '-objects [get_ports {okUH[*]}]'. [U:/Desktop/ECE 437/xem7310_v1.xdc:73]
Resolution: Check if the specified object(s) exists in the current design. If it does, ensure that the correct design hierarchy was specified for the object. If you are working with clocks, make sure create_clock was used to create the clock object before it is referenced.
WARNING: [Vivado 12-584] No ports matched 'okUH[*]'. [U:/Desktop/ECE 437/xem7310_v1.xdc:74]
CRITICAL WARNING: [Vivado 12-4739] set_multicycle_path:No valid object(s) found for '-from [get_ports {okUH[*]}]'. [U:/Desktop/ECE 437/xem7310_v1.xdc:74]
Resolution: Check if the specified object(s) exists in the current design. If it does, ensure that the correct design hierarchy was specified for the object. If you are working with clocks, make sure create_clock was used to create the clock object before it is referenced.
WARNING: [Vivado 12-627] No clocks matched 'okUH0'. [U:/Desktop/ECE 437/xem7310_v1.xdc:76]
INFO: [Vivado 12-626] No clocks found. Please use 'create_clock' or 'create_generated_clock' command to create clocks. [U:/Desktop/ECE 437/xem7310_v1.xdc:76]
WARNING: [Vivado 12-584] No ports matched 'okUHU[*]'. [U:/Desktop/ECE 437/xem7310_v1.xdc:76]
CRITICAL WARNING: [Vivado 12-4739] set_input_delay:No valid object(s) found for '-objects [get_ports {okUHU[*]}]'. [U:/Desktop/ECE 437/xem7310_v1.xdc:76]
Resolution: Check if the specified object(s) exists in the current design. If it does, ensure that the correct design hierarchy was specified for the object. If you are working with clocks, make sure create_clock was used to create the clock object before it is referenced.
WARNING: [Vivado 12-627] No clocks matched 'okUH0'. [U:/Desktop/ECE 437/xem7310_v1.xdc:77]
INFO: [Vivado 12-626] No clocks found. Please use 'create_clock' or 'create_generated_clock' command to create clocks. [U:/Desktop/ECE 437/xem7310_v1.xdc:77]
WARNING: [Vivado 12-584] No ports matched 'okUHU[*]'. [U:/Desktop/ECE 437/xem7310_v1.xdc:77]
CRITICAL WARNING: [Vivado 12-4739] set_input_delay:No valid object(s) found for '-objects [get_ports {okUHU[*]}]'. [U:/Desktop/ECE 437/xem7310_v1.xdc:77]
Resolution: Check if the specified object(s) exists in the current design. If it does, ensure that the correct design hierarchy was specified for the object. If you are working with clocks, make sure create_clock was used to create the clock object before it is referenced.
WARNING: [Vivado 12-584] No ports matched 'okUHU[*]'. [U:/Desktop/ECE 437/xem7310_v1.xdc:78]
CRITICAL WARNING: [Vivado 12-4739] set_multicycle_path:No valid object(s) found for '-from [get_ports {okUHU[*]}]'. [U:/Desktop/ECE 437/xem7310_v1.xdc:78]
Resolution: Check if the specified object(s) exists in the current design. If it does, ensure that the correct design hierarchy was specified for the object. If you are working with clocks, make sure create_clock was used to create the clock object before it is referenced.
WARNING: [Vivado 12-627] No clocks matched 'okUH0'. [U:/Desktop/ECE 437/xem7310_v1.xdc:80]
INFO: [Vivado 12-626] No clocks found. Please use 'create_clock' or 'create_generated_clock' command to create clocks. [U:/Desktop/ECE 437/xem7310_v1.xdc:80]
WARNING: [Vivado 12-584] No ports matched 'okHU[*]'. [U:/Desktop/ECE 437/xem7310_v1.xdc:80]
CRITICAL WARNING: [Vivado 12-4739] set_output_delay:No valid object(s) found for '-objects [get_ports {okHU[*]}]'. [U:/Desktop/ECE 437/xem7310_v1.xdc:80]
Resolution: Check if the specified object(s) exists in the current design. If it does, ensure that the correct design hierarchy was specified for the object. If you are working with clocks, make sure create_clock was used to create the clock object before it is referenced.
WARNING: [Vivado 12-627] No clocks matched 'okUH0'. [U:/Desktop/ECE 437/xem7310_v1.xdc:81]
INFO: [Vivado 12-626] No clocks found. Please use 'create_clock' or 'create_generated_clock' command to create clocks. [U:/Desktop/ECE 437/xem7310_v1.xdc:81]
WARNING: [Vivado 12-584] No ports matched 'okHU[*]'. [U:/Desktop/ECE 437/xem7310_v1.xdc:81]
CRITICAL WARNING: [Vivado 12-4739] set_output_delay:No valid object(s) found for '-objects [get_ports {okHU[*]}]'. [U:/Desktop/ECE 437/xem7310_v1.xdc:81]
Resolution: Check if the specified object(s) exists in the current design. If it does, ensure that the correct design hierarchy was specified for the object. If you are working with clocks, make sure create_clock was used to create the clock object before it is referenced.
WARNING: [Vivado 12-627] No clocks matched 'okUH0'. [U:/Desktop/ECE 437/xem7310_v1.xdc:83]
INFO: [Vivado 12-626] No clocks found. Please use 'create_clock' or 'create_generated_clock' command to create clocks. [U:/Desktop/ECE 437/xem7310_v1.xdc:83]
WARNING: [Vivado 12-584] No ports matched 'okUHU[*]'. [U:/Desktop/ECE 437/xem7310_v1.xdc:83]
CRITICAL WARNING: [Vivado 12-4739] set_output_delay:No valid object(s) found for '-objects [get_ports {okUHU[*]}]'. [U:/Desktop/ECE 437/xem7310_v1.xdc:83]
Resolution: Check if the specified object(s) exists in the current design. If it does, ensure that the correct design hierarchy was specified for the object. If you are working with clocks, make sure create_clock was used to create the clock object before it is referenced.
WARNING: [Vivado 12-627] No clocks matched 'okUH0'. [U:/Desktop/ECE 437/xem7310_v1.xdc:84]
INFO: [Vivado 12-626] No clocks found. Please use 'create_clock' or 'create_generated_clock' command to create clocks. [U:/Desktop/ECE 437/xem7310_v1.xdc:84]
WARNING: [Vivado 12-584] No ports matched 'okUHU[*]'. [U:/Desktop/ECE 437/xem7310_v1.xdc:84]
CRITICAL WARNING: [Vivado 12-4739] set_output_delay:No valid object(s) found for '-objects [get_ports {okUHU[*]}]'. [U:/Desktop/ECE 437/xem7310_v1.xdc:84]
Resolution: Check if the specified object(s) exists in the current design. If it does, ensure that the correct design hierarchy was specified for the object. If you are working with clocks, make sure create_clock was used to create the clock object before it is referenced.
WARNING: [Vivado 12-627] No clocks matched 'mmcm0_clk0'. [U:/Desktop/ECE 437/xem7310_v1.xdc:97]
WARNING: [Vivado 12-627] No clocks matched 'okUH0'. [U:/Desktop/ECE 437/xem7310_v1.xdc:97]
INFO: [Vivado 12-626] No clocks found. Please use 'create_clock' or 'create_generated_clock' command to create clocks. [U:/Desktop/ECE 437/xem7310_v1.xdc:97]
CRITICAL WARNING: [Vivado 12-4739] set_clock_groups:No valid object(s) found for '-group [get_clocks {mmcm0_clk0 okUH0}]'. [U:/Desktop/ECE 437/xem7310_v1.xdc:97]
Resolution: Check if the specified object(s) exists in the current design. If it does, ensure that the correct design hierarchy was specified for the object. If you are working with clocks, make sure create_clock was used to create the clock object before it is referenced.
CRITICAL WARNING: [Vivado 12-5201] set_clock_groups: cannot set the clock group when only one non-empty group remains. [U:/Desktop/ECE 437/xem7310_v1.xdc:97]
WARNING: [Vivado 12-584] No ports matched 'reset'. [U:/Desktop/ECE 437/xem7310_v1.xdc:102]
CRITICAL WARNING: [Common 17-55] 'set_property' expects at least one object. [U:/Desktop/ECE 437/xem7310_v1.xdc:102]
Resolution: If [get_<value>] was used to populate the object, check to make sure this command returns at least one valid object.
WARNING: [Vivado 12-584] No ports matched 'reset'. [U:/Desktop/ECE 437/xem7310_v1.xdc:103]
CRITICAL WARNING: [Common 17-55] 'set_property' expects at least one object. [U:/Desktop/ECE 437/xem7310_v1.xdc:103]
Resolution: If [get_<value>] was used to populate the object, check to make sure this command returns at least one valid object.
WARNING: [Vivado 12-584] No ports matched 'reset'. [U:/Desktop/ECE 437/xem7310_v1.xdc:104]
CRITICAL WARNING: [Common 17-55] 'set_property' expects at least one object. [U:/Desktop/ECE 437/xem7310_v1.xdc:104]
Resolution: If [get_<value>] was used to populate the object, check to make sure this command returns at least one valid object.
WARNING: [Vivado 12-584] No ports matched 'CVM300_LVDS_CLK_P'. [U:/Desktop/ECE 437/xem7310_v1.xdc:108]
CRITICAL WARNING: [Common 17-55] 'set_property' expects at least one object. [U:/Desktop/ECE 437/xem7310_v1.xdc:108]
Resolution: If [get_<value>] was used to populate the object, check to make sure this command returns at least one valid object.
WARNING: [Vivado 12-584] No ports matched 'CVM300-LVDS_CLK_P'. [U:/Desktop/ECE 437/xem7310_v1.xdc:109]
CRITICAL WARNING: [Common 17-55] 'set_property' expects at least one object. [U:/Desktop/ECE 437/xem7310_v1.xdc:109]
Resolution: If [get_<value>] was used to populate the object, check to make sure this command returns at least one valid object.
WARNING: [Vivado 12-584] No ports matched 'CVM300_LVDS_CLK_N'. [U:/Desktop/ECE 437/xem7310_v1.xdc:111]
CRITICAL WARNING: [Common 17-55] 'set_property' expects at least one object. [U:/Desktop/ECE 437/xem7310_v1.xdc:111]
Resolution: If [get_<value>] was used to populate the object, check to make sure this command returns at least one valid object.
WARNING: [Vivado 12-584] No ports matched 'CVM300_LVDS_CLK_N'. [U:/Desktop/ECE 437/xem7310_v1.xdc:112]
CRITICAL WARNING: [Common 17-55] 'set_property' expects at least one object. [U:/Desktop/ECE 437/xem7310_v1.xdc:112]
Resolution: If [get_<value>] was used to populate the object, check to make sure this command returns at least one valid object.
WARNING: [Vivado 12-584] No ports matched 'CVM300_CLK_IN'. [U:/Desktop/ECE 437/xem7310_v1.xdc:115]
CRITICAL WARNING: [Common 17-55] 'set_property' expects at least one object. [U:/Desktop/ECE 437/xem7310_v1.xdc:115]
Resolution: If [get_<value>] was used to populate the object, check to make sure this command returns at least one valid object.
WARNING: [Vivado 12-584] No ports matched 'CVM300_CLK_IN'. [U:/Desktop/ECE 437/xem7310_v1.xdc:116]
CRITICAL WARNING: [Common 17-55] 'set_property' expects at least one object. [U:/Desktop/ECE 437/xem7310_v1.xdc:116]
Resolution: If [get_<value>] was used to populate the object, check to make sure this command returns at least one valid object.
WARNING: [Vivado 12-584] No ports matched 'CVM300_CLK_OUT'. [U:/Desktop/ECE 437/xem7310_v1.xdc:119]
CRITICAL WARNING: [Common 17-55] 'set_property' expects at least one object. [U:/Desktop/ECE 437/xem7310_v1.xdc:119]
Resolution: If [get_<value>] was used to populate the object, check to make sure this command returns at least one valid object.
WARNING: [Vivado 12-584] No ports matched 'CVM300_CLK_OUT'. [U:/Desktop/ECE 437/xem7310_v1.xdc:120]
CRITICAL WARNING: [Common 17-55] 'set_property' expects at least one object. [U:/Desktop/ECE 437/xem7310_v1.xdc:120]
Resolution: If [get_<value>] was used to populate the object, check to make sure this command returns at least one valid object.
WARNING: [Vivado 12-584] No ports matched 'CVM300_SYS_RES_N'. [U:/Desktop/ECE 437/xem7310_v1.xdc:124]
CRITICAL WARNING: [Common 17-55] 'set_property' expects at least one object. [U:/Desktop/ECE 437/xem7310_v1.xdc:124]
Resolution: If [get_<value>] was used to populate the object, check to make sure this command returns at least one valid object.
WARNING: [Vivado 12-584] No ports matched 'CVM300_SYS_RES_N'. [U:/Desktop/ECE 437/xem7310_v1.xdc:125]
CRITICAL WARNING: [Common 17-55] 'set_property' expects at least one object. [U:/Desktop/ECE 437/xem7310_v1.xdc:125]
Resolution: If [get_<value>] was used to populate the object, check to make sure this command returns at least one valid object.
WARNING: [Vivado 12-584] No ports matched 'CVM300_Enable_LVDS'. [U:/Desktop/ECE 437/xem7310_v1.xdc:127]
CRITICAL WARNING: [Common 17-55] 'set_property' expects at least one object. [U:/Desktop/ECE 437/xem7310_v1.xdc:127]
Resolution: If [get_<value>] was used to populate the object, check to make sure this command returns at least one valid object.
WARNING: [Vivado 12-584] No ports matched 'CVM300_Enable_LVDS'. [U:/Desktop/ECE 437/xem7310_v1.xdc:128]
CRITICAL WARNING: [Common 17-55] 'set_property' expects at least one object. [U:/Desktop/ECE 437/xem7310_v1.xdc:128]
Resolution: If [get_<value>] was used to populate the object, check to make sure this command returns at least one valid object.
WARNING: [Vivado 12-584] No ports matched 'CVM300_SPI_EN'. [U:/Desktop/ECE 437/xem7310_v1.xdc:131]
CRITICAL WARNING: [Common 17-55] 'set_property' expects at least one object. [U:/Desktop/ECE 437/xem7310_v1.xdc:131]
Resolution: If [get_<value>] was used to populate the object, check to make sure this command returns at least one valid object.
WARNING: [Vivado 12-584] No ports matched 'CVM300_SPI_EN'. [U:/Desktop/ECE 437/xem7310_v1.xdc:132]
CRITICAL WARNING: [Common 17-55] 'set_property' expects at least one object. [U:/Desktop/ECE 437/xem7310_v1.xdc:132]
Resolution: If [get_<value>] was used to populate the object, check to make sure this command returns at least one valid object.
WARNING: [Vivado 12-584] No ports matched 'CVM300_SPI_IN'. [U:/Desktop/ECE 437/xem7310_v1.xdc:134]
CRITICAL WARNING: [Common 17-55] 'set_property' expects at least one object. [U:/Desktop/ECE 437/xem7310_v1.xdc:134]
Resolution: If [get_<value>] was used to populate the object, check to make sure this command returns at least one valid object.
WARNING: [Vivado 12-584] No ports matched 'CVM300_SPI_IN'. [U:/Desktop/ECE 437/xem7310_v1.xdc:135]
CRITICAL WARNING: [Common 17-55] 'set_property' expects at least one object. [U:/Desktop/ECE 437/xem7310_v1.xdc:135]
Resolution: If [get_<value>] was used to populate the object, check to make sure this command returns at least one valid object.
WARNING: [Vivado 12-584] No ports matched 'CVM300_SPI_OUT'. [U:/Desktop/ECE 437/xem7310_v1.xdc:137]
CRITICAL WARNING: [Common 17-55] 'set_property' expects at least one object. [U:/Desktop/ECE 437/xem7310_v1.xdc:137]
Resolution: If [get_<value>] was used to populate the object, check to make sure this command returns at least one valid object.
WARNING: [Vivado 12-584] No ports matched 'CVM300_SPI_OUT'. [U:/Desktop/ECE 437/xem7310_v1.xdc:138]
CRITICAL WARNING: [Common 17-55] 'set_property' expects at least one object. [U:/Desktop/ECE 437/xem7310_v1.xdc:138]
Resolution: If [get_<value>] was used to populate the object, check to make sure this command returns at least one valid object.
WARNING: [Vivado 12-584] No ports matched 'CVM300_SPI_CLK'. [U:/Desktop/ECE 437/xem7310_v1.xdc:140]
CRITICAL WARNING: [Common 17-55] 'set_property' expects at least one object. [U:/Desktop/ECE 437/xem7310_v1.xdc:140]
Resolution: If [get_<value>] was used to populate the object, check to make sure this command returns at least one valid object.
WARNING: [Vivado 12-584] No ports matched 'CVM300_SPI_CLK'. [U:/Desktop/ECE 437/xem7310_v1.xdc:141]
CRITICAL WARNING: [Common 17-55] 'set_property' expects at least one object. [U:/Desktop/ECE 437/xem7310_v1.xdc:141]
Resolution: If [get_<value>] was used to populate the object, check to make sure this command returns at least one valid object.
WARNING: [Vivado 12-584] No ports matched 'CVM300_FRAME_REQ'. [U:/Desktop/ECE 437/xem7310_v1.xdc:152]
CRITICAL WARNING: [Common 17-55] 'set_property' expects at least one object. [U:/Desktop/ECE 437/xem7310_v1.xdc:152]
Resolution: If [get_<value>] was used to populate the object, check to make sure this command returns at least one valid object.
WARNING: [Vivado 12-584] No ports matched 'CVM300_FRAME_REQ'. [U:/Desktop/ECE 437/xem7310_v1.xdc:153]
CRITICAL WARNING: [Common 17-55] 'set_property' expects at least one object. [U:/Desktop/ECE 437/xem7310_v1.xdc:153]
Resolution: If [get_<value>] was used to populate the object, check to make sure this command returns at least one valid object.
WARNING: [Vivado 12-584] No ports matched 'CVM300_D[0]'. [U:/Desktop/ECE 437/xem7310_v1.xdc:198]
CRITICAL WARNING: [Common 17-55] 'set_property' expects at least one object. [U:/Desktop/ECE 437/xem7310_v1.xdc:198]
Resolution: If [get_<value>] was used to populate the object, check to make sure this command returns at least one valid object.
WARNING: [Vivado 12-584] No ports matched 'CVM300_D[0]'. [U:/Desktop/ECE 437/xem7310_v1.xdc:199]
CRITICAL WARNING: [Common 17-55] 'set_property' expects at least one object. [U:/Desktop/ECE 437/xem7310_v1.xdc:199]
Resolution: If [get_<value>] was used to populate the object, check to make sure this command returns at least one valid object.
WARNING: [Vivado 12-584] No ports matched 'CVM300_D[1]'. [U:/Desktop/ECE 437/xem7310_v1.xdc:201]
CRITICAL WARNING: [Common 17-55] 'set_property' expects at least one object. [U:/Desktop/ECE 437/xem7310_v1.xdc:201]
Resolution: If [get_<value>] was used to populate the object, check to make sure this command returns at least one valid object.
WARNING: [Vivado 12-584] No ports matched 'CVM300_D[1]'. [U:/Desktop/ECE 437/xem7310_v1.xdc:202]
CRITICAL WARNING: [Common 17-55] 'set_property' expects at least one object. [U:/Desktop/ECE 437/xem7310_v1.xdc:202]
Resolution: If [get_<value>] was used to populate the object, check to make sure this command returns at least one valid object.
WARNING: [Vivado 12-584] No ports matched 'CVM300_D[2]'. [U:/Desktop/ECE 437/xem7310_v1.xdc:204]
CRITICAL WARNING: [Common 17-55] 'set_property' expects at least one object. [U:/Desktop/ECE 437/xem7310_v1.xdc:204]
Resolution: If [get_<value>] was used to populate the object, check to make sure this command returns at least one valid object.
WARNING: [Vivado 12-584] No ports matched 'CVM300_D[2]'. [U:/Desktop/ECE 437/xem7310_v1.xdc:205]
CRITICAL WARNING: [Common 17-55] 'set_property' expects at least one object. [U:/Desktop/ECE 437/xem7310_v1.xdc:205]
Resolution: If [get_<value>] was used to populate the object, check to make sure this command returns at least one valid object.
WARNING: [Vivado 12-584] No ports matched 'CVM300_D[3]'. [U:/Desktop/ECE 437/xem7310_v1.xdc:207]
CRITICAL WARNING: [Common 17-55] 'set_property' expects at least one object. [U:/Desktop/ECE 437/xem7310_v1.xdc:207]
Resolution: If [get_<value>] was used to populate the object, check to make sure this command returns at least one valid object.
WARNING: [Vivado 12-584] No ports matched 'CVM300_D[3]'. [U:/Desktop/ECE 437/xem7310_v1.xdc:208]
CRITICAL WARNING: [Common 17-55] 'set_property' expects at least one object. [U:/Desktop/ECE 437/xem7310_v1.xdc:208]
Resolution: If [get_<value>] was used to populate the object, check to make sure this command returns at least one valid object.
WARNING: [Vivado 12-584] No ports matched 'CVM300_D[4]'. [U:/Desktop/ECE 437/xem7310_v1.xdc:210]
CRITICAL WARNING: [Common 17-55] 'set_property' expects at least one object. [U:/Desktop/ECE 437/xem7310_v1.xdc:210]
Resolution: If [get_<value>] was used to populate the object, check to make sure this command returns at least one valid object.
WARNING: [Vivado 12-584] No ports matched 'CVM300_D[4]'. [U:/Desktop/ECE 437/xem7310_v1.xdc:211]
CRITICAL WARNING: [Common 17-55] 'set_property' expects at least one object. [U:/Desktop/ECE 437/xem7310_v1.xdc:211]
Resolution: If [get_<value>] was used to populate the object, check to make sure this command returns at least one valid object.
WARNING: [Vivado 12-584] No ports matched 'CVM300_D[5]'. [U:/Desktop/ECE 437/xem7310_v1.xdc:213]
CRITICAL WARNING: [Common 17-55] 'set_property' expects at least one object. [U:/Desktop/ECE 437/xem7310_v1.xdc:213]
Resolution: If [get_<value>] was used to populate the object, check to make sure this command returns at least one valid object.
WARNING: [Vivado 12-584] No ports matched 'CVM300_D[5]'. [U:/Desktop/ECE 437/xem7310_v1.xdc:214]
CRITICAL WARNING: [Common 17-55] 'set_property' expects at least one object. [U:/Desktop/ECE 437/xem7310_v1.xdc:214]
Resolution: If [get_<value>] was used to populate the object, check to make sure this command returns at least one valid object.
WARNING: [Vivado 12-584] No ports matched 'CVM300_D[6]'. [U:/Desktop/ECE 437/xem7310_v1.xdc:216]
CRITICAL WARNING: [Common 17-55] 'set_property' expects at least one object. [U:/Desktop/ECE 437/xem7310_v1.xdc:216]
Resolution: If [get_<value>] was used to populate the object, check to make sure this command returns at least one valid object.
WARNING: [Vivado 12-584] No ports matched 'CVM300_D[6]'. [U:/Desktop/ECE 437/xem7310_v1.xdc:217]
CRITICAL WARNING: [Common 17-55] 'set_property' expects at least one object. [U:/Desktop/ECE 437/xem7310_v1.xdc:217]
Resolution: If [get_<value>] was used to populate the object, check to make sure this command returns at least one valid object.
WARNING: [Vivado 12-584] No ports matched 'CVM300_D[7]'. [U:/Desktop/ECE 437/xem7310_v1.xdc:219]
CRITICAL WARNING: [Common 17-55] 'set_property' expects at least one object. [U:/Desktop/ECE 437/xem7310_v1.xdc:219]
Resolution: If [get_<value>] was used to populate the object, check to make sure this command returns at least one valid object.
WARNING: [Vivado 12-584] No ports matched 'CVM300_D[7]'. [U:/Desktop/ECE 437/xem7310_v1.xdc:220]
CRITICAL WARNING: [Common 17-55] 'set_property' expects at least one object. [U:/Desktop/ECE 437/xem7310_v1.xdc:220]
Resolution: If [get_<value>] was used to populate the object, check to make sure this command returns at least one valid object.
WARNING: [Vivado 12-584] No ports matched 'CVM300_D[8]'. [U:/Desktop/ECE 437/xem7310_v1.xdc:222]
INFO: [Common 17-14] Message 'Vivado 12-584' appears 100 times and further instances of the messages will be disabled. Use the Tcl command set_msg_config to change the current settings. [U:/Desktop/ECE 437/xem7310_v1.xdc:222]
CRITICAL WARNING: [Common 17-55] 'set_property' expects at least one object. [U:/Desktop/ECE 437/xem7310_v1.xdc:222]
Resolution: If [get_<value>] was used to populate the object, check to make sure this command returns at least one valid object.
CRITICAL WARNING: [Common 17-55] 'set_property' expects at least one object. [U:/Desktop/ECE 437/xem7310_v1.xdc:223]
Resolution: If [get_<value>] was used to populate the object, check to make sure this command returns at least one valid object.
CRITICAL WARNING: [Common 17-55] 'set_property' expects at least one object. [U:/Desktop/ECE 437/xem7310_v1.xdc:225]
Resolution: If [get_<value>] was used to populate the object, check to make sure this command returns at least one valid object.
CRITICAL WARNING: [Common 17-55] 'set_property' expects at least one object. [U:/Desktop/ECE 437/xem7310_v1.xdc:226]
Resolution: If [get_<value>] was used to populate the object, check to make sure this command returns at least one valid object.
CRITICAL WARNING: [Common 17-55] 'set_property' expects at least one object. [U:/Desktop/ECE 437/xem7310_v1.xdc:229]
Resolution: If [get_<value>] was used to populate the object, check to make sure this command returns at least one valid object.
CRITICAL WARNING: [Common 17-55] 'set_property' expects at least one object. [U:/Desktop/ECE 437/xem7310_v1.xdc:230]
Resolution: If [get_<value>] was used to populate the object, check to make sure this command returns at least one valid object.
CRITICAL WARNING: [Common 17-55] 'set_property' expects at least one object. [U:/Desktop/ECE 437/xem7310_v1.xdc:232]
Resolution: If [get_<value>] was used to populate the object, check to make sure this command returns at least one valid object.
CRITICAL WARNING: [Common 17-55] 'set_property' expects at least one object. [U:/Desktop/ECE 437/xem7310_v1.xdc:233]
Resolution: If [get_<value>] was used to populate the object, check to make sure this command returns at least one valid object.
CRITICAL WARNING: [Common 17-55] 'set_property' expects at least one object. [U:/Desktop/ECE 437/xem7310_v1.xdc:239]
Resolution: If [get_<value>] was used to populate the object, check to make sure this command returns at least one valid object.
CRITICAL WARNING: [Common 17-55] 'set_property' expects at least one object. [U:/Desktop/ECE 437/xem7310_v1.xdc:240]
Resolution: If [get_<value>] was used to populate the object, check to make sure this command returns at least one valid object.
CRITICAL WARNING: [Common 17-55] 'set_property' expects at least one object. [U:/Desktop/ECE 437/xem7310_v1.xdc:242]
Resolution: If [get_<value>] was used to populate the object, check to make sure this command returns at least one valid object.
CRITICAL WARNING: [Common 17-55] 'set_property' expects at least one object. [U:/Desktop/ECE 437/xem7310_v1.xdc:243]
Resolution: If [get_<value>] was used to populate the object, check to make sure this command returns at least one valid object.
INFO: [Common 17-14] Message 'Common 17-55' appears 100 times and further instances of the messages will be disabled. Use the Tcl command set_msg_config to change the current settings. [U:/Desktop/ECE 437/xem7310_v1.xdc:243]
Finished Parsing XDC File [U:/Desktop/ECE 437/xem7310_v1.xdc]
INFO: [Opt 31-138] Pushed 0 inverter(s) to 0 load pin(s).
Netlist sorting complete. Time (s): cpu = 00:00:00 ; elapsed = 00:00:00 . Memory (MB): peak = 1207.590 ; gain = 0.000
INFO: [Project 1-111] Unisim Transformation Summary:
No Unisim elements were transformed.

19 Infos, 110 Warnings, 113 Critical Warnings and 0 Errors encountered.
link_design completed successfully
link_design: Time (s): cpu = 00:00:15 ; elapsed = 00:00:19 . Memory (MB): peak = 1207.590 ; gain = 883.098
Command: opt_design
Attempting to get a license for feature 'Implementation' and/or device 'xc7a75t'
INFO: [Common 17-349] Got license for feature 'Implementation' and/or device 'xc7a75t'
Running DRC as a precondition to command opt_design

Starting DRC Task
INFO: [DRC 23-27] Running DRC with 2 threads
INFO: [Project 1-461] DRC finished with 0 Errors
INFO: [Project 1-462] Please refer to the DRC report (report_drc) for more information.

Time (s): cpu = 00:00:01 ; elapsed = 00:00:00.654 . Memory (MB): peak = 1207.590 ; gain = 0.000

Starting Cache Timing Information Task
INFO: [Timing 38-35] Done setting XDC timing constraints.
Ending Cache Timing Information Task | Checksum: 124025069

Time (s): cpu = 00:00:00 ; elapsed = 00:00:00.016 . Memory (MB): peak = 1219.551 ; gain = 11.961

Starting Logic Optimization Task

Phase 1 Retarget
INFO: [Opt 31-138] Pushed 0 inverter(s) to 0 load pin(s).
INFO: [Opt 31-49] Retargeted 0 cell(s).
Phase 1 Retarget | Checksum: 124025069

Time (s): cpu = 00:00:00 ; elapsed = 00:00:00.018 . Memory (MB): peak = 1300.418 ; gain = 0.000
INFO: [Opt 31-389] Phase Retarget created 0 cells and removed 0 cells

Phase 2 Constant propagation
INFO: [Opt 31-138] Pushed 0 inverter(s) to 0 load pin(s).
Phase 2 Constant propagation | Checksum: d1ba74da

Time (s): cpu = 00:00:00 ; elapsed = 00:00:00.026 . Memory (MB): peak = 1300.418 ; gain = 0.000
INFO: [Opt 31-389] Phase Constant propagation created 0 cells and removed 0 cells

Phase 3 Sweep
Phase 3 Sweep | Checksum: 1ac425dac

Time (s): cpu = 00:00:00 ; elapsed = 00:00:00.035 . Memory (MB): peak = 1300.418 ; gain = 0.000
INFO: [Opt 31-389] Phase Sweep created 0 cells and removed 0 cells

Phase 4 BUFG optimization
Phase 4 BUFG optimization | Checksum: 1ac425dac

Time (s): cpu = 00:00:00 ; elapsed = 00:00:00.043 . Memory (MB): peak = 1300.418 ; gain = 0.000
INFO: [Opt 31-662] Phase BUFG optimization created 0 cells of which 0 are BUFGs and removed 0 cells.

Phase 5 Shift Register Optimization
Phase 5 Shift Register Optimization | Checksum: 2003ec1fb

Time (s): cpu = 00:00:00 ; elapsed = 00:00:00.075 . Memory (MB): peak = 1300.418 ; gain = 0.000
INFO: [Opt 31-389] Phase Shift Register Optimization created 0 cells and removed 0 cells

Phase 6 Post Processing Netlist
Phase 6 Post Processing Netlist | Checksum: 2003ec1fb

Time (s): cpu = 00:00:00 ; elapsed = 00:00:00.080 . Memory (MB): peak = 1300.418 ; gain = 0.000
INFO: [Opt 31-389] Phase Post Processing Netlist created 0 cells and removed 0 cells
Opt_design Change Summary
=========================


-------------------------------------------------------------------------------------------------------------------------
|  Phase                        |  #Cells created  |  #Cells Removed  |  #Constrained objects preventing optimizations  |
-------------------------------------------------------------------------------------------------------------------------
|  Retarget                     |               0  |               0  |                                              0  |
|  Constant propagation         |               0  |               0  |                                              0  |
|  Sweep                        |               0  |               0  |                                              0  |
|  BUFG optimization            |               0  |               0  |                                              0  |
|  Shift Register Optimization  |               0  |               0  |                                              0  |
|  Post Processing Netlist      |               0  |               0  |                                              0  |
-------------------------------------------------------------------------------------------------------------------------



Starting Connectivity Check Task

Time (s): cpu = 00:00:00 ; elapsed = 00:00:00.001 . Memory (MB): peak = 1300.418 ; gain = 0.000
Ending Logic Optimization Task | Checksum: 2003ec1fb

Time (s): cpu = 00:00:00 ; elapsed = 00:00:00.096 . Memory (MB): peak = 1300.418 ; gain = 0.000

Starting Power Optimization Task
INFO: [Pwropt 34-132] Skipping clock gating for clocks with a period < 2.00 ns.
Ending Power Optimization Task | Checksum: 2003ec1fb

Time (s): cpu = 00:00:00 ; elapsed = 00:00:00.009 . Memory (MB): peak = 1300.418 ; gain = 0.000

Starting Final Cleanup Task
Ending Final Cleanup Task | Checksum: 2003ec1fb

Time (s): cpu = 00:00:00 ; elapsed = 00:00:00.001 . Memory (MB): peak = 1300.418 ; gain = 0.000

Starting Netlist Obfuscation Task
Netlist sorting complete. Time (s): cpu = 00:00:00 ; elapsed = 00:00:00 . Memory (MB): peak = 1300.418 ; gain = 0.000
Ending Netlist Obfuscation Task | Checksum: 2003ec1fb

Time (s): cpu = 00:00:00 ; elapsed = 00:00:00.002 . Memory (MB): peak = 1300.418 ; gain = 0.000
INFO: [Common 17-83] Releasing license: Implementation
35 Infos, 110 Warnings, 113 Critical Warnings and 0 Errors encountered.
opt_design completed successfully
Netlist sorting complete. Time (s): cpu = 00:00:00 ; elapsed = 00:00:00 . Memory (MB): peak = 1300.418 ; gain = 0.000
INFO: [Timing 38-480] Writing timing data to binary archive.
Writing placer database...
Writing XDEF routing.
Netlist sorting complete. Time (s): cpu = 00:00:00 ; elapsed = 00:00:00 . Memory (MB): peak = 1300.418 ; gain = 0.000
Writing XDEF routing logical nets.
Writing XDEF routing special nets.
Write XDEF Complete: Time (s): cpu = 00:00:00 ; elapsed = 00:00:00.202 . Memory (MB): peak = 1300.418 ; gain = 0.000
INFO: [Common 17-1381] The checkpoint 'U:/Desktop/ECE 437/lab1/lab1.runs/impl_1/intro_opt.dcp' has been generated.
INFO: [runtcl-4] Executing : report_drc -file intro_drc_opted.rpt -pb intro_drc_opted.pb -rpx intro_drc_opted.rpx
Command: report_drc -file intro_drc_opted.rpt -pb intro_drc_opted.pb -rpx intro_drc_opted.rpx
INFO: [IP_Flow 19-234] Refreshing IP repositories
INFO: [IP_Flow 19-1704] No user IP repositories specified
INFO: [IP_Flow 19-2313] Loaded Vivado IP repository 'C:/Xilinx/Vivado/2018.3/data/ip'.
INFO: [DRC 23-27] Running DRC with 2 threads
INFO: [Coretcl 2-168] The results of DRC are in file U:/Desktop/ECE 437/lab1/lab1.runs/impl_1/intro_drc_opted.rpt.
report_drc completed successfully
Command: place_design
Attempting to get a license for feature 'Implementation' and/or device 'xc7a75t'
INFO: [Common 17-349] Got license for feature 'Implementation' and/or device 'xc7a75t'
INFO: [DRC 23-27] Running DRC with 2 threads
INFO: [Vivado_Tcl 4-198] DRC finished with 0 Errors
INFO: [Vivado_Tcl 4-199] Please refer to the DRC report (report_drc) for more information.
Running DRC as a precondition to command place_design
INFO: [DRC 23-27] Running DRC with 2 threads
INFO: [Vivado_Tcl 4-198] DRC finished with 0 Errors
INFO: [Vivado_Tcl 4-199] Please refer to the DRC report (report_drc) for more information.

Starting Placer Task
INFO: [Place 30-611] Multithreading enabled for place_design using a maximum of 2 CPUs

Phase 1 Placer Initialization

Phase 1.1 Placer Initialization Netlist Sorting
Netlist sorting complete. Time (s): cpu = 00:00:00 ; elapsed = 00:00:00 . Memory (MB): peak = 1300.418 ; gain = 0.000
Phase 1.1 Placer Initialization Netlist Sorting | Checksum: 13cd7f585

Time (s): cpu = 00:00:00 ; elapsed = 00:00:00.009 . Memory (MB): peak = 1300.418 ; gain = 0.000
Netlist sorting complete. Time (s): cpu = 00:00:00 ; elapsed = 00:00:00 . Memory (MB): peak = 1300.418 ; gain = 0.000

Phase 1.2 IO Placement/ Clock Placement/ Build Placer Device
INFO: [Timing 38-35] Done setting XDC timing constraints.
Phase 1.2 IO Placement/ Clock Placement/ Build Placer Device | Checksum: 11c4bc38b

Time (s): cpu = 00:00:01 ; elapsed = 00:00:00.771 . Memory (MB): peak = 1314.043 ; gain = 13.625

Phase 1.3 Build Placer Netlist Model
Phase 1.3 Build Placer Netlist Model | Checksum: 15208f909

Time (s): cpu = 00:00:01 ; elapsed = 00:00:00.841 . Memory (MB): peak = 1321.691 ; gain = 21.273

Phase 1.4 Constrain Clocks/Macros
Phase 1.4 Constrain Clocks/Macros | Checksum: 15208f909

Time (s): cpu = 00:00:01 ; elapsed = 00:00:00.847 . Memory (MB): peak = 1321.691 ; gain = 21.273
Phase 1 Placer Initialization | Checksum: 15208f909

Time (s): cpu = 00:00:01 ; elapsed = 00:00:00.850 . Memory (MB): peak = 1321.691 ; gain = 21.273

Phase 2 Global Placement

Phase 2.1 Floorplanning
Phase 2.1 Floorplanning | Checksum: 14680e7b9

Time (s): cpu = 00:00:01 ; elapsed = 00:00:00.895 . Memory (MB): peak = 1321.691 ; gain = 21.273

Phase 2.2 Physical Synthesis In Placer
INFO: [Physopt 32-65] No nets found for high-fanout optimization.
INFO: [Physopt 32-232] Optimized 0 net. Created 0 new instance.
INFO: [Physopt 32-775] End 1 Pass. Optimized 0 net or cell. Created 0 new cell, deleted 0 existing cell and moved 0 existing cell
INFO: [Physopt 32-670] No setup violation found.  DSP Register Optimization was not performed.
INFO: [Physopt 32-670] No setup violation found.  Shift Register Optimization was not performed.
INFO: [Physopt 32-670] No setup violation found.  BRAM Register Optimization was not performed.
INFO: [Physopt 32-949] No candidate nets found for HD net replication
INFO: [Physopt 32-775] End 1 Pass. Optimized 0 net or cell. Created 0 new cell, deleted 0 existing cell and moved 0 existing cell
Netlist sorting complete. Time (s): cpu = 00:00:00 ; elapsed = 00:00:00 . Memory (MB): peak = 1321.691 ; gain = 0.000

Summary of Physical Synthesis Optimizations
============================================


----------------------------------------------------------------------------------------------------------------------------------------
|  Optimization                  |  Added Cells  |  Removed Cells  |  Optimized Cells/Nets  |  Dont Touch  |  Iterations  |  Elapsed   |
----------------------------------------------------------------------------------------------------------------------------------------
|  Very High Fanout              |            0  |              0  |                     0  |           0  |           1  |  00:00:00  |
|  DSP Register                  |            0  |              0  |                     0  |           0  |           0  |  00:00:00  |
|  Shift Register                |            0  |              0  |                     0  |           0  |           0  |  00:00:00  |
|  BRAM Register                 |            0  |              0  |                     0  |           0  |           0  |  00:00:00  |
|  HD Interface Net Replication  |            0  |              0  |                     0  |           0  |           1  |  00:00:00  |
|  Total                         |            0  |              0  |                     0  |           0  |           2  |  00:00:00  |
----------------------------------------------------------------------------------------------------------------------------------------


Phase 2.2 Physical Synthesis In Placer | Checksum: 1ac4c80d1

Time (s): cpu = 00:00:02 ; elapsed = 00:00:01 . Memory (MB): peak = 1321.691 ; gain = 21.273
Phase 2 Global Placement | Checksum: 120694758

Time (s): cpu = 00:00:02 ; elapsed = 00:00:01 . Memory (MB): peak = 1321.691 ; gain = 21.273

Phase 3 Detail Placement

Phase 3.1 Commit Multi Column Macros
Phase 3.1 Commit Multi Column Macros | Checksum: 120694758

Time (s): cpu = 00:00:02 ; elapsed = 00:00:01 . Memory (MB): peak = 1321.691 ; gain = 21.273

Phase 3.2 Commit Most Macros & LUTRAMs
Phase 3.2 Commit Most Macros & LUTRAMs | Checksum: 2027bdcdb

Time (s): cpu = 00:00:02 ; elapsed = 00:00:01 . Memory (MB): peak = 1321.691 ; gain = 21.273

Phase 3.3 Area Swap Optimization
Phase 3.3 Area Swap Optimization | Checksum: 24d27ba7b

Time (s): cpu = 00:00:02 ; elapsed = 00:00:01 . Memory (MB): peak = 1321.691 ; gain = 21.273

Phase 3.4 Pipeline Register Optimization
Phase 3.4 Pipeline Register Optimization | Checksum: 24d27ba7b

Time (s): cpu = 00:00:02 ; elapsed = 00:00:01 . Memory (MB): peak = 1321.691 ; gain = 21.273

Phase 3.5 Small Shape Detail Placement
Phase 3.5 Small Shape Detail Placement | Checksum: 213a7ccff

Time (s): cpu = 00:00:02 ; elapsed = 00:00:02 . Memory (MB): peak = 1321.691 ; gain = 21.273

Phase 3.6 Re-assign LUT pins
Phase 3.6 Re-assign LUT pins | Checksum: 1a54618a6

Time (s): cpu = 00:00:02 ; elapsed = 00:00:02 . Memory (MB): peak = 1321.691 ; gain = 21.273

Phase 3.7 Pipeline Register Optimization
Phase 3.7 Pipeline Register Optimization | Checksum: 1a54618a6

Time (s): cpu = 00:00:02 ; elapsed = 00:00:02 . Memory (MB): peak = 1321.691 ; gain = 21.273
Phase 3 Detail Placement | Checksum: 1a54618a6

Time (s): cpu = 00:00:02 ; elapsed = 00:00:02 . Memory (MB): peak = 1321.691 ; gain = 21.273

Phase 4 Post Placement Optimization and Clean-Up

Phase 4.1 Post Commit Optimization
INFO: [Timing 38-35] Done setting XDC timing constraints.

Phase 4.1.1 Post Placement Optimization
Post Placement Optimization Initialization | Checksum: 12a37a22d

Phase 4.1.1.1 BUFG Insertion
INFO: [Place 46-46] BUFG insertion identified 0 candidate nets, 0 success, 0 bufg driver replicated, 0 skipped for placement/routing, 0 skipped for timing, 0 skipped for netlist change reason
Phase 4.1.1.1 BUFG Insertion | Checksum: 12a37a22d

Time (s): cpu = 00:00:02 ; elapsed = 00:00:02 . Memory (MB): peak = 1325.773 ; gain = 25.355
INFO: [Place 30-746] Post Placement Timing Summary WNS=1.035. For the most accurate timing information please run report_timing.
Phase 4.1.1 Post Placement Optimization | Checksum: 28f720744

Time (s): cpu = 00:00:03 ; elapsed = 00:00:02 . Memory (MB): peak = 1325.773 ; gain = 25.355
Phase 4.1 Post Commit Optimization | Checksum: 28f720744

Time (s): cpu = 00:00:03 ; elapsed = 00:00:02 . Memory (MB): peak = 1325.773 ; gain = 25.355

Phase 4.2 Post Placement Cleanup
Phase 4.2 Post Placement Cleanup | Checksum: 28f720744

Time (s): cpu = 00:00:03 ; elapsed = 00:00:02 . Memory (MB): peak = 1325.773 ; gain = 25.355

Phase 4.3 Placer Reporting
Phase 4.3 Placer Reporting | Checksum: 28f720744

Time (s): cpu = 00:00:03 ; elapsed = 00:00:02 . Memory (MB): peak = 1325.773 ; gain = 25.355

Phase 4.4 Final Placement Cleanup
Netlist sorting complete. Time (s): cpu = 00:00:00 ; elapsed = 00:00:00 . Memory (MB): peak = 1325.773 ; gain = 0.000
Phase 4.4 Final Placement Cleanup | Checksum: 271530499

Time (s): cpu = 00:00:03 ; elapsed = 00:00:02 . Memory (MB): peak = 1325.773 ; gain = 25.355
Phase 4 Post Placement Optimization and Clean-Up | Checksum: 271530499

Time (s): cpu = 00:00:03 ; elapsed = 00:00:02 . Memory (MB): peak = 1325.773 ; gain = 25.355
Ending Placer Task | Checksum: 1b5c03b9b

Time (s): cpu = 00:00:03 ; elapsed = 00:00:02 . Memory (MB): peak = 1325.773 ; gain = 25.355
INFO: [Common 17-83] Releasing license: Implementation
64 Infos, 110 Warnings, 113 Critical Warnings and 0 Errors encountered.
place_design completed successfully
Netlist sorting complete. Time (s): cpu = 00:00:00 ; elapsed = 00:00:00 . Memory (MB): peak = 1325.773 ; gain = 0.000
INFO: [Timing 38-480] Writing timing data to binary archive.
Writing placer database...
Writing XDEF routing.
Netlist sorting complete. Time (s): cpu = 00:00:00 ; elapsed = 00:00:00 . Memory (MB): peak = 1333.348 ; gain = 0.000
Writing XDEF routing logical nets.
Writing XDEF routing special nets.
Write XDEF Complete: Time (s): cpu = 00:00:00 ; elapsed = 00:00:00.219 . Memory (MB): peak = 1333.348 ; gain = 7.574
INFO: [Common 17-1381] The checkpoint 'U:/Desktop/ECE 437/lab1/lab1.runs/impl_1/intro_placed.dcp' has been generated.
INFO: [runtcl-4] Executing : report_io -file intro_io_placed.rpt
report_io: Time (s): cpu = 00:00:00 ; elapsed = 00:00:00.120 . Memory (MB): peak = 1333.348 ; gain = 0.000
INFO: [runtcl-4] Executing : report_utilization -file intro_utilization_placed.rpt -pb intro_utilization_placed.pb
INFO: [runtcl-4] Executing : report_control_sets -verbose -file intro_control_sets_placed.rpt
report_control_sets: Time (s): cpu = 00:00:00 ; elapsed = 00:00:00.009 . Memory (MB): peak = 1333.348 ; gain = 0.000
Command: route_design
Attempting to get a license for feature 'Implementation' and/or device 'xc7a75t'
INFO: [Common 17-349] Got license for feature 'Implementation' and/or device 'xc7a75t'
Running DRC as a precondition to command route_design
INFO: [DRC 23-27] Running DRC with 2 threads
INFO: [Vivado_Tcl 4-198] DRC finished with 0 Errors
INFO: [Vivado_Tcl 4-199] Please refer to the DRC report (report_drc) for more information.


Starting Routing Task
INFO: [Route 35-254] Multithreading enabled for route_design using a maximum of 2 CPUs
Checksum: PlaceDB: d70809f3 ConstDB: 0 ShapeSum: deb831a8 RouteDB: 0

Phase 1 Build RT Design
Phase 1 Build RT Design | Checksum: 7965fda1

Time (s): cpu = 00:00:39 ; elapsed = 00:00:35 . Memory (MB): peak = 1485.672 ; gain = 152.324
Post Restoration Checksum: NetGraph: 1a43d671 NumContArr: 5f222730 Constraints: 0 Timing: 0

Phase 2 Router Initialization

Phase 2.1 Create Timer
Phase 2.1 Create Timer | Checksum: 7965fda1

Time (s): cpu = 00:00:39 ; elapsed = 00:00:35 . Memory (MB): peak = 1509.664 ; gain = 176.316

Phase 2.2 Fix Topology Constraints
Phase 2.2 Fix Topology Constraints | Checksum: 7965fda1

Time (s): cpu = 00:00:39 ; elapsed = 00:00:35 . Memory (MB): peak = 1516.051 ; gain = 182.703

Phase 2.3 Pre Route Cleanup
Phase 2.3 Pre Route Cleanup | Checksum: 7965fda1

Time (s): cpu = 00:00:39 ; elapsed = 00:00:35 . Memory (MB): peak = 1516.051 ; gain = 182.703
 Number of Nodes with overlaps = 0

Phase 2.4 Update Timing
Phase 2.4 Update Timing | Checksum: 14d7f41a1

Time (s): cpu = 00:00:39 ; elapsed = 00:00:36 . Memory (MB): peak = 1537.066 ; gain = 203.719
INFO: [Route 35-416] Intermediate Timing Summary | WNS=1.023  | TNS=0.000  | WHS=-0.022 | THS=-0.225 |

Phase 2 Router Initialization | Checksum: 11709a037

Time (s): cpu = 00:00:39 ; elapsed = 00:00:36 . Memory (MB): peak = 1537.066 ; gain = 203.719

Phase 3 Initial Routing
Phase 3 Initial Routing | Checksum: 99de94c8

Time (s): cpu = 00:00:39 ; elapsed = 00:00:36 . Memory (MB): peak = 1537.066 ; gain = 203.719

Phase 4 Rip-up And Reroute

Phase 4.1 Global Iteration 0
 Number of Nodes with overlaps = 6
 Number of Nodes with overlaps = 2
 Number of Nodes with overlaps = 2
 Number of Nodes with overlaps = 2
 Number of Nodes with overlaps = 2
 Number of Nodes with overlaps = 0
INFO: [Route 35-416] Intermediate Timing Summary | WNS=0.947  | TNS=0.000  | WHS=N/A    | THS=N/A    |

Phase 4.1 Global Iteration 0 | Checksum: 17141f511

Time (s): cpu = 00:00:40 ; elapsed = 00:00:36 . Memory (MB): peak = 1537.066 ; gain = 203.719
Phase 4 Rip-up And Reroute | Checksum: 17141f511

Time (s): cpu = 00:00:40 ; elapsed = 00:00:36 . Memory (MB): peak = 1537.066 ; gain = 203.719

Phase 5 Delay and Skew Optimization

Phase 5.1 Delay CleanUp

Phase 5.1.1 Update Timing
Phase 5.1.1 Update Timing | Checksum: 16053abdc

Time (s): cpu = 00:00:40 ; elapsed = 00:00:36 . Memory (MB): peak = 1537.066 ; gain = 203.719
INFO: [Route 35-416] Intermediate Timing Summary | WNS=1.051  | TNS=0.000  | WHS=N/A    | THS=N/A    |

Phase 5.1 Delay CleanUp | Checksum: 16053abdc

Time (s): cpu = 00:00:40 ; elapsed = 00:00:36 . Memory (MB): peak = 1537.066 ; gain = 203.719

Phase 5.2 Clock Skew Optimization
Phase 5.2 Clock Skew Optimization | Checksum: 16053abdc

Time (s): cpu = 00:00:40 ; elapsed = 00:00:36 . Memory (MB): peak = 1537.066 ; gain = 203.719
Phase 5 Delay and Skew Optimization | Checksum: 16053abdc

Time (s): cpu = 00:00:40 ; elapsed = 00:00:36 . Memory (MB): peak = 1537.066 ; gain = 203.719

Phase 6 Post Hold Fix

Phase 6.1 Hold Fix Iter

Phase 6.1.1 Update Timing
Phase 6.1.1 Update Timing | Checksum: 1afe309bf

Time (s): cpu = 00:00:40 ; elapsed = 00:00:36 . Memory (MB): peak = 1537.066 ; gain = 203.719
INFO: [Route 35-416] Intermediate Timing Summary | WNS=1.051  | TNS=0.000  | WHS=0.247  | THS=0.000  |

Phase 6.1 Hold Fix Iter | Checksum: 15f8695ad

Time (s): cpu = 00:00:40 ; elapsed = 00:00:36 . Memory (MB): peak = 1537.066 ; gain = 203.719
Phase 6 Post Hold Fix | Checksum: 15f8695ad

Time (s): cpu = 00:00:40 ; elapsed = 00:00:36 . Memory (MB): peak = 1537.066 ; gain = 203.719

Phase 7 Route finalize

Router Utilization Summary
  Global Vertical Routing Utilization    = 0.0524437 %
  Global Horizontal Routing Utilization  = 0.00575448 %
  Routable Net Status*
  *Does not include unroutable nets such as driverless and loadless.
  Run report_route_status for detailed report.
  Number of Failed Nets               = 0
  Number of Unrouted Nets             = 0
  Number of Partially Routed Nets     = 0
  Number of Node Overlaps             = 0

Phase 7 Route finalize | Checksum: 14bb6fa01

Time (s): cpu = 00:00:40 ; elapsed = 00:00:36 . Memory (MB): peak = 1537.066 ; gain = 203.719

Phase 8 Verifying routed nets

 Verification completed successfully
Phase 8 Verifying routed nets | Checksum: 14bb6fa01

Time (s): cpu = 00:00:40 ; elapsed = 00:00:36 . Memory (MB): peak = 1537.066 ; gain = 203.719

Phase 9 Depositing Routes
Phase 9 Depositing Routes | Checksum: 1cc2e725f

Time (s): cpu = 00:00:40 ; elapsed = 00:00:36 . Memory (MB): peak = 1537.066 ; gain = 203.719

Phase 10 Post Router Timing
INFO: [Route 35-57] Estimated Timing Summary | WNS=1.051  | TNS=0.000  | WHS=0.247  | THS=0.000  |

INFO: [Route 35-327] The final timing numbers are based on the router estimated timing analysis. For a complete and accurate timing signoff, please run report_timing_summary.
Phase 10 Post Router Timing | Checksum: 1cc2e725f

Time (s): cpu = 00:00:40 ; elapsed = 00:00:36 . Memory (MB): peak = 1537.066 ; gain = 203.719
INFO: [Route 35-16] Router Completed Successfully

Time (s): cpu = 00:00:40 ; elapsed = 00:00:36 . Memory (MB): peak = 1537.066 ; gain = 203.719

Routing Is Done.
INFO: [Common 17-83] Releasing license: Implementation
82 Infos, 110 Warnings, 113 Critical Warnings and 0 Errors encountered.
route_design completed successfully
route_design: Time (s): cpu = 00:00:41 ; elapsed = 00:00:37 . Memory (MB): peak = 1537.066 ; gain = 203.719
Netlist sorting complete. Time (s): cpu = 00:00:00 ; elapsed = 00:00:00 . Memory (MB): peak = 1537.066 ; gain = 0.000
INFO: [Timing 38-480] Writing timing data to binary archive.
Writing placer database...
Writing XDEF routing.
Netlist sorting complete. Time (s): cpu = 00:00:00 ; elapsed = 00:00:00 . Memory (MB): peak = 1537.066 ; gain = 0.000
Writing XDEF routing logical nets.
Writing XDEF routing special nets.
Write XDEF Complete: Time (s): cpu = 00:00:00 ; elapsed = 00:00:00.232 . Memory (MB): peak = 1537.066 ; gain = 0.000
INFO: [Common 17-1381] The checkpoint 'U:/Desktop/ECE 437/lab1/lab1.runs/impl_1/intro_routed.dcp' has been generated.
INFO: [runtcl-4] Executing : report_drc -file intro_drc_routed.rpt -pb intro_drc_routed.pb -rpx intro_drc_routed.rpx
Command: report_drc -file intro_drc_routed.rpt -pb intro_drc_routed.pb -rpx intro_drc_routed.rpx
INFO: [IP_Flow 19-1839] IP Catalog is up to date.
INFO: [DRC 23-27] Running DRC with 2 threads
INFO: [Coretcl 2-168] The results of DRC are in file U:/Desktop/ECE 437/lab1/lab1.runs/impl_1/intro_drc_routed.rpt.
report_drc completed successfully
INFO: [runtcl-4] Executing : report_methodology -file intro_methodology_drc_routed.rpt -pb intro_methodology_drc_routed.pb -rpx intro_methodology_drc_routed.rpx
Command: report_methodology -file intro_methodology_drc_routed.rpt -pb intro_methodology_drc_routed.pb -rpx intro_methodology_drc_routed.rpx
INFO: [Timing 38-35] Done setting XDC timing constraints.
INFO: [DRC 23-133] Running Methodology with 2 threads
INFO: [Coretcl 2-1520] The results of Report Methodology are in file U:/Desktop/ECE 437/lab1/lab1.runs/impl_1/intro_methodology_drc_routed.rpt.
report_methodology completed successfully
INFO: [runtcl-4] Executing : report_power -file intro_power_routed.rpt -pb intro_power_summary_routed.pb -rpx intro_power_routed.rpx
Command: report_power -file intro_power_routed.rpt -pb intro_power_summary_routed.pb -rpx intro_power_routed.rpx
INFO: [Timing 38-35] Done setting XDC timing constraints.
Running Vector-less Activity Propagation...

Finished Running Vector-less Activity Propagation
94 Infos, 110 Warnings, 113 Critical Warnings and 0 Errors encountered.
report_power completed successfully
INFO: [runtcl-4] Executing : report_route_status -file intro_route_status.rpt -pb intro_route_status.pb
INFO: [runtcl-4] Executing : report_timing_summary -max_paths 10 -file intro_timing_summary_routed.rpt -pb intro_timing_summary_routed.pb -rpx intro_timing_summary_routed.rpx -warn_on_violation 
INFO: [Timing 38-91] UpdateTimingParams: Speed grade: -1, Delay Type: min_max.
INFO: [Timing 38-191] Multithreading enabled for timing update using a maximum of 2 CPUs
INFO: [runtcl-4] Executing : report_incremental_reuse -file intro_incremental_reuse_routed.rpt
INFO: [Vivado_Tcl 4-1062] Incremental flow is disabled. No incremental reuse Info to report.
INFO: [runtcl-4] Executing : report_clock_utilization -file intro_clock_utilization_routed.rpt
INFO: [runtcl-4] Executing : report_bus_skew -warn_on_violation -file intro_bus_skew_routed.rpt -pb intro_bus_skew_routed.pb -rpx intro_bus_skew_routed.rpx
INFO: [Timing 38-91] UpdateTimingParams: Speed grade: -1, Delay Type: min_max.
INFO: [Timing 38-191] Multithreading enabled for timing update using a maximum of 2 CPUs
Command: write_bitstream -force intro.bit
Attempting to get a license for feature 'Implementation' and/or device 'xc7a75t'
INFO: [Common 17-349] Got license for feature 'Implementation' and/or device 'xc7a75t'
Running DRC as a precondition to command write_bitstream
INFO: [IP_Flow 19-1839] IP Catalog is up to date.
INFO: [DRC 23-27] Running DRC with 2 threads
INFO: [Vivado 12-3199] DRC finished with 0 Errors
INFO: [Vivado 12-3200] Please refer to the DRC report (report_drc) for more information.
INFO: [Designutils 20-2272] Running write_bitstream with 2 threads.
Loading data files...
Loading site data...
Loading route data...
Processing options...
Creating bitmap...
Creating bitstream...
Bitstream compression saved 27528480 bits.
Writing bitstream ./intro.bit...
INFO: [Vivado 12-1842] Bitgen Completed Successfully.
INFO: [Project 1-120] WebTalk data collection is mandatory when using a WebPACK part without a full Vivado license. To see the specific WebTalk data collected for your design, open the usage_statistics_webtalk.html or usage_statistics_webtalk.xml file in the implementation directory.
Access is denied.
Access is denied.
INFO: [Common 17-83] Releasing license: Implementation
113 Infos, 110 Warnings, 113 Critical Warnings and 0 Errors encountered.
write_bitstream completed successfully
write_bitstream: Time (s): cpu = 00:00:13 ; elapsed = 00:00:13 . Memory (MB): peak = 1970.836 ; gain = 417.051
INFO: [Common 17-206] Exiting Vivado at Wed Jan 22 10:17:24 2020...
