Copyright 1986-2018 Xilinx, Inc. All Rights Reserved.
-------------------------------------------------------------------------------------------------------------------------------------------------------------
| Tool Version     : Vivado v.2018.3 (win64) Build 2405991 Thu Dec  6 23:38:27 MST 2018
| Date             : Mon May 11 22:36:44 2020
| Host             : ECEB-4022-09 running 64-bit major release  (build 9200)
| Command          : report_power -file BTPipeExample_power_routed.rpt -pb BTPipeExample_power_summary_routed.pb -rpx BTPipeExample_power_routed.rpx
| Design           : BTPipeExample
| Device           : xc7a75tfgg484-1
| Design State     : routed
| Grade            : commercial
| Process          : typical
| Characterization : Production
-------------------------------------------------------------------------------------------------------------------------------------------------------------

Power Report

Table of Contents
-----------------
1. Summary
1.1 On-Chip Components
1.2 Power Supply Summary
1.3 Confidence Level
2. Settings
2.1 Environment
2.2 Clock Constraints
3. Detailed Reports
3.1 By Hierarchy

1. Summary
----------

+--------------------------+--------------+
| Total On-Chip Power (W)  | 0.247        |
| Design Power Budget (W)  | Unspecified* |
| Power Budget Margin (W)  | NA           |
| Dynamic (W)              | 0.149        |
| Device Static (W)        | 0.098        |
| Effective TJA (C/W)      | 2.7          |
| Max Ambient (C)          | 84.3         |
| Junction Temperature (C) | 25.7         |
| Confidence Level         | Low          |
| Setting File             | ---          |
| Simulation Activity File | ---          |
| Design Nets Matched      | NA           |
+--------------------------+--------------+
* Specify Design Power Budget using, set_operating_conditions -design_power_budget <value in Watts>


1.1 On-Chip Components
----------------------

+--------------------------+-----------+----------+-----------+-----------------+
| On-Chip                  | Power (W) | Used     | Available | Utilization (%) |
+--------------------------+-----------+----------+-----------+-----------------+
| Clocks                   |     0.008 |        7 |       --- |             --- |
| Slice Logic              |     0.008 |    11347 |       --- |             --- |
|   LUT as Logic           |     0.007 |     3848 |     47200 |            8.15 |
|   Register               |    <0.001 |     5333 |     94400 |            5.65 |
|   CARRY4                 |    <0.001 |      215 |     15850 |            1.36 |
|   LUT as Distributed RAM |    <0.001 |      184 |     19000 |            0.97 |
|   LUT as Shift Register  |    <0.001 |      264 |     19000 |            1.39 |
|   F7/F8 Muxes            |    <0.001 |      203 |     63400 |            0.32 |
|   BUFG                   |    <0.001 |        5 |        32 |           15.63 |
|   Others                 |     0.000 |      622 |       --- |             --- |
| Signals                  |     0.009 |     8462 |       --- |             --- |
| Block RAM                |     0.004 |     19.5 |       105 |           18.57 |
| MMCM                     |     0.106 |        1 |         6 |           16.67 |
| I/O                      |     0.013 |       75 |       285 |           26.32 |
| Static Power             |     0.098 |          |           |                 |
| Total                    |     0.247 |          |           |                 |
+--------------------------+-----------+----------+-----------+-----------------+


1.2 Power Supply Summary
------------------------

+-----------+-------------+-----------+-------------+------------+
| Source    | Voltage (V) | Total (A) | Dynamic (A) | Static (A) |
+-----------+-------------+-----------+-------------+------------+
| Vccint    |       1.000 |     0.048 |       0.032 |      0.016 |
| Vccaux    |       1.800 |     0.079 |       0.061 |      0.018 |
| Vcco33    |       3.300 |     0.000 |       0.000 |      0.000 |
| Vcco25    |       2.500 |     0.000 |       0.000 |      0.000 |
| Vcco18    |       1.800 |     0.008 |       0.004 |      0.004 |
| Vcco15    |       1.500 |     0.004 |       0.000 |      0.004 |
| Vcco135   |       1.350 |     0.000 |       0.000 |      0.000 |
| Vcco12    |       1.200 |     0.000 |       0.000 |      0.000 |
| Vccaux_io |       1.800 |     0.000 |       0.000 |      0.000 |
| Vccbram   |       1.000 |     0.001 |       0.000 |      0.001 |
| MGTAVcc   |       1.000 |     0.000 |       0.000 |      0.000 |
| MGTAVtt   |       1.200 |     0.000 |       0.000 |      0.000 |
| Vccadc    |       1.800 |     0.020 |       0.000 |      0.020 |
+-----------+-------------+-----------+-------------+------------+


1.3 Confidence Level
--------------------

+-----------------------------+------------+--------------------------------------------------------+--------------------------------------------------------------------------------------------------------------------+
| User Input Data             | Confidence | Details                                                | Action                                                                                                             |
+-----------------------------+------------+--------------------------------------------------------+--------------------------------------------------------------------------------------------------------------------+
| Design implementation state | High       | Design is routed                                       |                                                                                                                    |
| Clock nodes activity        | Low        | User specified less than 75% of clocks                 | Provide missing clock activity with a constraint file, simulation results or by editing the "By Clock Domain" view |
| I/O nodes activity          | Low        | More than 75% of inputs are missing user specification | Provide missing input activity with simulation results or by editing the "By Resource Type -> I/Os" view           |
| Internal nodes activity     | Medium     | User specified less than 25% of internal nodes         | Provide missing internal nodes activity with simulation results or by editing the "By Resource Type" views         |
| Device models               | High       | Device models are Production                           |                                                                                                                    |
|                             |            |                                                        |                                                                                                                    |
| Overall confidence level    | Low        |                                                        |                                                                                                                    |
+-----------------------------+------------+--------------------------------------------------------+--------------------------------------------------------------------------------------------------------------------+


2. Settings
-----------

2.1 Environment
---------------

+-----------------------+--------------------------+
| Ambient Temp (C)      | 25.0                     |
| ThetaJA (C/W)         | 2.7                      |
| Airflow (LFM)         | 250                      |
| Heat Sink             | medium (Medium Profile)  |
| ThetaSA (C/W)         | 4.6                      |
| Board Selection       | medium (10"x10")         |
| # of Board Layers     | 12to15 (12 to 15 Layers) |
| Board Temperature (C) | 25.0                     |
+-----------------------+--------------------------+


2.2 Clock Constraints
---------------------

+--------------------------------------------------------------------------------------------+----------------------------------------------------------------------+-----------------+
| Clock                                                                                      | Domain                                                               | Constraint (ns) |
+--------------------------------------------------------------------------------------------+----------------------------------------------------------------------+-----------------+
| dbg_hub/inst/BSCANID.u_xsdbm_id/SWITCH_N_EXT_BSCAN.bscan_inst/SERIES7_BSCAN.bscan_inst/TCK | dbg_hub/inst/BSCANID.u_xsdbm_id/SWITCH_N_EXT_BSCAN.bscan_inst/tck_bs |            33.0 |
| mmcm0_clk0                                                                                 | hostIF/mmcm0_clk0                                                    |             9.9 |
| mmcm0_clkfb                                                                                | hostIF/mmcm0_clkfb                                                   |             9.9 |
| okUH0                                                                                      | okUH[0]                                                              |             9.9 |
| sys_clk                                                                                    | sys_clkp                                                             |             5.0 |
+--------------------------------------------------------------------------------------------+----------------------------------------------------------------------+-----------------+


3. Detailed Reports
-------------------

3.1 By Hierarchy
----------------

+-------------------------------------+-----------+
| Name                                | Power (W) |
+-------------------------------------+-----------+
| BTPipeExample                       |     0.149 |
|   ClockGenerator1                   |     0.005 |
|   FIFO_for_Counter_BTPipe_Interface |     0.003 |
|     U0                              |     0.003 |
|       inst_fifo_gen                 |     0.003 |
|   dbg_hub                           |     0.002 |
|     inst                            |     0.002 |
|       BSCANID.u_xsdbm_id            |     0.002 |
|   hostIF                            |     0.132 |
|     core0                           |     0.015 |
|       core0                         |     0.015 |
|   ila_sample12                      |     0.004 |
|     inst                            |     0.004 |
|       ila_core_inst                 |     0.004 |
+-------------------------------------+-----------+


